num-dimension: 1
max-points: [0]=9072
min-points: [0]=2
grid-count: 
[100] : 2
[104] : 4
[121] : 44
[122] : 42
[123] : 58
[124] : 58
[125] : 52
[126] : 38
[127] : 50
[128] : 70
[0] : 78
[120] : 44
[3] : 102
[4] : 128
[1] : 98
[2] : 100
[7] : 70
[8] : 62
[5] : 70
[6] : 92
[132] : 28
[11] : 74
[131] : 22
[12] : 30
[130] : 34
[9] : 94
[129] : 60
[10] : 46
[13] : 14
[134] : 2
[14] : 8
[133] : 10
[20] : 42
[19] : 2
[24] : 30
[23] : 18
[22] : 20
[21] : 24
[28] : 2
[25] : 2
[39] : 4
[40] : 24
[45] : 12
[46] : 18
[47] : 24
[48] : 10
[41] : 38
[42] : 28
[43] : 34
[44] : 32
[53] : 20
[50] : 14
[49] : 10
[52] : 16
[51] : 10
[62] : 28
[181] : 2
[61] : 26
[64] : 34
[63] : 26
[60] : 32
[71] : 12
[72] : 8
[69] : 14
[70] : 4
[67] : 22
[68] : 20
[65] : 20
[66] : 14
[73] : 14
[84] : 2
[81] : 4
grid-sign: 
[121] : 1
[122] : 1
[123] : 1
[124] : 1
[125] : 1
[126] : 1
[127] : 1
[128] : 1
[0] : 1
[120] : 1
[3] : 1
[4] : 1
[1] : 1
[2] : 1
[7] : 1
[8] : 1
[5] : 1
[6] : 1
[11] : 1
[132] : 1
[12] : 1
[131] : 1
[9] : 1
[130] : 1
[129] : 1
[10] : 1
[13] : 1
[133] : 1
[20] : 1
[24] : 1
[23] : 1
[22] : 1
[21] : 1
[40] : 1
[45] : 1
[46] : 1
[47] : 1
[48] : 1
[41] : 1
[42] : 1
[43] : 1
[44] : 1
[53] : 1
[50] : 1
[49] : 1
[52] : 1
[51] : 1
[62] : 1
[61] : 1
[64] : 1
[63] : 1
[60] : 1
[71] : 1
[69] : 1
[67] : 1
[68] : 1
[65] : 1
[66] : 1
[73] : 1
grid-labeling: 
[121] : 0
[122] : 0
[123] : 0
[124] : 0
[125] : 0
[126] : 0
[127] : 0
[128] : 0
[0] : 1
[120] : 0
[3] : 1
[4] : 1
[1] : 1
[2] : 1
[7] : 1
[8] : 1
[5] : 1
[6] : 1
[132] : 0
[11] : 1
[131] : 0
[12] : 1
[9] : 1
[130] : 0
[129] : 0
[10] : 1
[13] : 1
[133] : 0
[20] : 2
[24] : 2
[23] : 2
[22] : 2
[21] : 2
[40] : 3
[45] : 3
[46] : 3
[47] : 3
[48] : 3
[41] : 3
[42] : 3
[43] : 3
[44] : 3
[53] : 3
[50] : 3
[49] : 3
[52] : 3
[51] : 3
[62] : 4
[61] : 4
[64] : 4
[63] : 4
[60] : 4
[71] : 5
[69] : 4
[67] : 4
[68] : 4
[65] : 4
[66] : 4
[73] : 6
cluster-map: 
[0] : 1
[3] : 1
[4] : 1
[1] : 1
[2] : 1
[7] : 1
[8] : 1
[5] : 1
[6] : 1
[11] : 1
[12] : 1
[9] : 1
[10] : 1
[15] : 1
[16] : 1
[13] : 1
[14] : 1
[20] : 2
[19] : 2
[18] : 2
[17] : 2
[24] : 2
[23] : 2
[22] : 2
[21] : 2
[28] : 2
[27] : 2
[26] : 2
[25] : 2
[32] : 2
[31] : 2
[30] : 2
[29] : 2
[37] : 3
[38] : 3
[39] : 3
[40] : 3
[33] : 3
[34] : 3
[35] : 3
[36] : 3
[45] : 3
[46] : 3
[47] : 3
[48] : 3
[41] : 3
[42] : 3
[43] : 3
[44] : 3
[54] : 3
[53] : 3
[56] : 3
[55] : 3
[50] : 3
[49] : 3
[52] : 3
[51] : 3
[62] : 4
[61] : 4
[64] : 4
[63] : 4
[58] : 4
[57] : 4
[60] : 4
[59] : 4
[71] : 5
[72] : 5
[69] : 4
[70] : 5
[67] : 4
[68] : 4
[65] : 4
[66] : 4
[79] : 6
[80] : 6
[77] : 6
[78] : 6
[75] : 6
[76] : 6
[73] : 6
[74] : 6
[88] : 6
[87] : 6
[86] : 6
[85] : 6
[84] : 6
[83] : 6
[82] : 6
[81] : 6
[96] : 6
[95] : 6
[94] : 6
[93] : 6
[92] : 6
[91] : 6
[90] : 6
[89] : 6
[106] : 0
[105] : 0
[108] : 0
[107] : 0
[110] : 0
[109] : 0
[112] : 0
[111] : 0
[98] : 0
[97] : 0
[100] : 0
[99] : 0
[102] : 0
[101] : 0
[104] : 0
[103] : 0
[121] : 0
[122] : 0
[123] : 0
[124] : 0
[125] : 0
[126] : 0
[127] : 0
[128] : 0
[113] : 0
[114] : 0
[115] : 0
[116] : 0
[117] : 0
[118] : 0
[119] : 0
[120] : 0
[140] : 0
[139] : 0
[138] : 0
[137] : 0
[144] : 0
[143] : 0
[142] : 0
[141] : 0
[132] : 0
[131] : 0
[130] : 0
[129] : 0
[136] : 0
[135] : 0
[134] : 0
[133] : 0
[155] : 0
[156] : 0
[153] : 0
[154] : 0
[159] : 0
[160] : 0
[157] : 0
[158] : 0
[147] : 0
[148] : 0
[145] : 0
[146] : 0
[151] : 0
[152] : 0
[149] : 0
[150] : 0
[174] : 0
[173] : 0
[176] : 0
[175] : 0
[170] : 0
[169] : 0
[172] : 0
[171] : 0
[166] : 0
[165] : 0
[168] : 0
[167] : 0
[162] : 0
[161] : 0
[164] : 0
[163] : 0
[181] : 0
[177] : 0
[178] : 0
[179] : 0
[180] : 0
cluster-centroids: 
0 : [6313.725806451613]
1 : [297.81801125703566]
2 : [1122.9285714285713]
3 : [2284.795918367347]
4 : [3219.584745762712]
5 : [3579.5]
6 : [3816.0]
